<?xml version="1.0" encoding="UTF-8"?>
<!-- Generated by org.testng.reporters.JUnitReportReporter -->
<testsuite hostname="CDC2-L-GQQJRQ2" name="com.eCommerceapp.testcase.Tc_LoginDDT_002" tests="2" failures="0" timestamp="7 Nov 2019 11:10:22 GMT" time="6.038" errors="0">
  <testcase name="loginDDT" time="3.814" classname="com.eCommerceapp.testcase.Tc_LoginDDT_002"/>
  <testcase name="loginDDT" time="2.224" classname="com.eCommerceapp.testcase.Tc_LoginDDT_002"/>
</testsuite> <!-- com.eCommerceapp.testcase.Tc_LoginDDT_002 -->
