<?xml version="1.0" encoding="UTF-8"?>
<!-- Generated by org.testng.reporters.JUnitReportReporter -->
<testsuite hostname="CDC2-L-GQQJRQ2" name="com.eCommerceapp.testcase.Tc_LoginTest_001" tests="1" failures="0" timestamp="9 Nov 2019 12:47:49 GMT" time="0.876" errors="0">
  <testcase name="loginTest" time="0.876" classname="com.eCommerceapp.testcase.Tc_LoginTest_001"/>
</testsuite> <!-- com.eCommerceapp.testcase.Tc_LoginTest_001 -->
