<?xml version="1.0" encoding="UTF-8"?>
<!-- Generated by org.testng.reporters.JUnitReportReporter -->
<testsuite hostname="CDC2-L-GQQJRQ2" name="com.eCommerceapp.testcase.Tc_LoginTest_001" tests="1" failures="0" timestamp="12 Nov 2019 09:47:25 GMT" time="16.103" errors="0">
  <testcase name="loginTest" time="16.103" classname="com.eCommerceapp.testcase.Tc_LoginTest_001"/>
</testsuite> <!-- com.eCommerceapp.testcase.Tc_LoginTest_001 -->
